<?xml version="1.0" encoding="UTF-8"?>
<testsuite xmlns:xsi="http://www.w3.org/2001/XMLSchema-instance" xsi:noNamespaceSchemaLocation="https://maven.apache.org/surefire/maven-surefire-plugin/xsd/surefire-test-report.xsd" name="com.baeldung.feign.soap.FeignLiveTest" time="2.056" tests="2" errors="0" skipped="0" failures="0">
  <properties>
    <property name="java.specification.version" value="19"/>
    <property name="sun.jnu.encoding" value="UTF-8"/>
    <property name="java.class.path" value="/Users/rodrigolopezgatica/Documents/Baeldung/feign/target/test-classes:/Users/rodrigolopezgatica/Documents/Baeldung/feign/target/classes:/Users/rodrigolopezgatica/.m2/repository/com/sun/xml/bind/jaxb-impl/2.3.4/jaxb-impl-2.3.4.jar:/Users/rodrigolopezgatica/.m2/repository/jakarta/xml/bind/jakarta.xml.bind-api/2.3.3/jakarta.xml.bind-api-2.3.3.jar:/Users/rodrigolopezgatica/.m2/repository/com/sun/activation/jakarta.activation/1.2.2/jakarta.activation-1.2.2.jar:/Users/rodrigolopezgatica/.m2/repository/javax/activation/activation/1.1/activation-1.1.jar:/Users/rodrigolopezgatica/.m2/repository/io/github/openfeign/feign-okhttp/11.8/feign-okhttp-11.8.jar:/Users/rodrigolopezgatica/.m2/repository/io/github/openfeign/feign-core/11.8/feign-core-11.8.jar:/Users/rodrigolopezgatica/.m2/repository/com/squareup/okhttp3/okhttp/4.9.3/okhttp-4.9.3.jar:/Users/rodrigolopezgatica/.m2/repository/com/squareup/okio/okio/2.8.0/okio-2.8.0.jar:/Users/rodrigolopezgatica/.m2/repository/org/jetbrains/kotlin/kotlin-stdlib-common/1.6.21/kotlin-stdlib-common-1.6.21.jar:/Users/rodrigolopezgatica/.m2/repository/org/jetbrains/kotlin/kotlin-stdlib/1.6.21/kotlin-stdlib-1.6.21.jar:/Users/rodrigolopezgatica/.m2/repository/org/jetbrains/annotations/13.0/annotations-13.0.jar:/Users/rodrigolopezgatica/.m2/repository/io/github/openfeign/feign-gson/11.8/feign-gson-11.8.jar:/Users/rodrigolopezgatica/.m2/repository/com/google/code/gson/gson/2.9.0/gson-2.9.0.jar:/Users/rodrigolopezgatica/.m2/repository/io/github/openfeign/feign-slf4j/11.8/feign-slf4j-11.8.jar:/Users/rodrigolopezgatica/.m2/repository/org/projectlombok/lombok/1.18.24/lombok-1.18.24.jar:/Users/rodrigolopezgatica/.m2/repository/org/springframework/boot/spring-boot-starter-web/2.7.2/spring-boot-starter-web-2.7.2.jar:/Users/rodrigolopezgatica/.m2/repository/org/springframework/boot/spring-boot-starter/2.7.2/spring-boot-starter-2.7.2.jar:/Users/rodrigolopezgatica/.m2/repository/org/springframework/boot/spring-boot/2.7.2/spring-boot-2.7.2.jar:/Users/rodrigolopezgatica/.m2/repository/org/springframework/boot/spring-boot-autoconfigure/2.7.2/spring-boot-autoconfigure-2.7.2.jar:/Users/rodrigolopezgatica/.m2/repository/org/springframework/boot/spring-boot-starter-logging/2.7.2/spring-boot-starter-logging-2.7.2.jar:/Users/rodrigolopezgatica/.m2/repository/org/apache/logging/log4j/log4j-to-slf4j/2.17.2/log4j-to-slf4j-2.17.2.jar:/Users/rodrigolopezgatica/.m2/repository/org/apache/logging/log4j/log4j-api/2.17.2/log4j-api-2.17.2.jar:/Users/rodrigolopezgatica/.m2/repository/org/slf4j/jul-to-slf4j/1.7.36/jul-to-slf4j-1.7.36.jar:/Users/rodrigolopezgatica/.m2/repository/jakarta/annotation/jakarta.annotation-api/1.3.5/jakarta.annotation-api-1.3.5.jar:/Users/rodrigolopezgatica/.m2/repository/org/yaml/snakeyaml/1.30/snakeyaml-1.30.jar:/Users/rodrigolopezgatica/.m2/repository/org/springframework/boot/spring-boot-starter-json/2.7.2/spring-boot-starter-json-2.7.2.jar:/Users/rodrigolopezgatica/.m2/repository/com/fasterxml/jackson/core/jackson-databind/2.13.3/jackson-databind-2.13.3.jar:/Users/rodrigolopezgatica/.m2/repository/com/fasterxml/jackson/core/jackson-annotations/2.13.3/jackson-annotations-2.13.3.jar:/Users/rodrigolopezgatica/.m2/repository/com/fasterxml/jackson/core/jackson-core/2.13.3/jackson-core-2.13.3.jar:/Users/rodrigolopezgatica/.m2/repository/com/fasterxml/jackson/datatype/jackson-datatype-jdk8/2.13.3/jackson-datatype-jdk8-2.13.3.jar:/Users/rodrigolopezgatica/.m2/repository/com/fasterxml/jackson/datatype/jackson-datatype-jsr310/2.13.3/jackson-datatype-jsr310-2.13.3.jar:/Users/rodrigolopezgatica/.m2/repository/com/fasterxml/jackson/module/jackson-module-parameter-names/2.13.3/jackson-module-parameter-names-2.13.3.jar:/Users/rodrigolopezgatica/.m2/repository/org/springframework/boot/spring-boot-starter-tomcat/2.7.2/spring-boot-starter-tomcat-2.7.2.jar:/Users/rodrigolopezgatica/.m2/repository/org/apache/tomcat/embed/tomcat-embed-core/9.0.65/tomcat-embed-core-9.0.65.jar:/Users/rodrigolopezgatica/.m2/repository/org/apache/tomcat/embed/tomcat-embed-el/9.0.65/tomcat-embed-el-9.0.65.jar:/Users/rodrigolopezgatica/.m2/repository/org/apache/tomcat/embed/tomcat-embed-websocket/9.0.65/tomcat-embed-websocket-9.0.65.jar:/Users/rodrigolopezgatica/.m2/repository/org/springframework/spring-web/5.3.22/spring-web-5.3.22.jar:/Users/rodrigolopezgatica/.m2/repository/org/springframework/spring-beans/5.3.22/spring-beans-5.3.22.jar:/Users/rodrigolopezgatica/.m2/repository/org/springframework/spring-webmvc/5.3.22/spring-webmvc-5.3.22.jar:/Users/rodrigolopezgatica/.m2/repository/org/springframework/spring-aop/5.3.22/spring-aop-5.3.22.jar:/Users/rodrigolopezgatica/.m2/repository/org/springframework/spring-context/5.3.22/spring-context-5.3.22.jar:/Users/rodrigolopezgatica/.m2/repository/org/springframework/spring-expression/5.3.22/spring-expression-5.3.22.jar:/Users/rodrigolopezgatica/.m2/repository/org/springframework/boot/spring-boot-starter-web-services/2.7.2/spring-boot-starter-web-services-2.7.2.jar:/Users/rodrigolopezgatica/.m2/repository/com/sun/xml/messaging/saaj/saaj-impl/1.5.3/saaj-impl-1.5.3.jar:/Users/rodrigolopezgatica/.m2/repository/jakarta/xml/soap/jakarta.xml.soap-api/1.4.2/jakarta.xml.soap-api-1.4.2.jar:/Users/rodrigolopezgatica/.m2/repository/org/jvnet/staxex/stax-ex/1.8.3/stax-ex-1.8.3.jar:/Users/rodrigolopezgatica/.m2/repository/jakarta/xml/ws/jakarta.xml.ws-api/2.3.3/jakarta.xml.ws-api-2.3.3.jar:/Users/rodrigolopezgatica/.m2/repository/jakarta/jws/jakarta.jws-api/2.1.0/jakarta.jws-api-2.1.0.jar:/Users/rodrigolopezgatica/.m2/repository/org/springframework/spring-oxm/5.3.22/spring-oxm-5.3.22.jar:/Users/rodrigolopezgatica/.m2/repository/org/springframework/ws/spring-ws-core/3.1.3/spring-ws-core-3.1.3.jar:/Users/rodrigolopezgatica/.m2/repository/org/springframework/ws/spring-xml/3.1.3/spring-xml-3.1.3.jar:/Users/rodrigolopezgatica/.m2/repository/wsdl4j/wsdl4j/1.6.3/wsdl4j-1.6.3.jar:/Users/rodrigolopezgatica/.m2/repository/io/github/openfeign/feign-hc5/11.8/feign-hc5-11.8.jar:/Users/rodrigolopezgatica/.m2/repository/org/apache/httpcomponents/client5/httpclient5/5.1.3/httpclient5-5.1.3.jar:/Users/rodrigolopezgatica/.m2/repository/org/apache/httpcomponents/core5/httpcore5/5.1.4/httpcore5-5.1.4.jar:/Users/rodrigolopezgatica/.m2/repository/org/apache/httpcomponents/core5/httpcore5-h2/5.1.4/httpcore5-h2-5.1.4.jar:/Users/rodrigolopezgatica/.m2/repository/commons-codec/commons-codec/1.15/commons-codec-1.15.jar:/Users/rodrigolopezgatica/.m2/repository/io/github/openfeign/feign-soap/11.8/feign-soap-11.8.jar:/Users/rodrigolopezgatica/.m2/repository/io/github/openfeign/feign-jaxb/11.8/feign-jaxb-11.8.jar:/Users/rodrigolopezgatica/.m2/repository/javax/xml/bind/jaxb-api/2.3.1/jaxb-api-2.3.1.jar:/Users/rodrigolopezgatica/.m2/repository/javax/activation/javax.activation-api/1.2.0/javax.activation-api-1.2.0.jar:/Users/rodrigolopezgatica/.m2/repository/javax/xml/ws/jaxws-api/2.3.1/jaxws-api-2.3.1.jar:/Users/rodrigolopezgatica/.m2/repository/javax/xml/soap/javax.xml.soap-api/1.4.0/javax.xml.soap-api-1.4.0.jar:/Users/rodrigolopezgatica/.m2/repository/javax/annotation/javax.annotation-api/1.3.2/javax.annotation-api-1.3.2.jar:/Users/rodrigolopezgatica/.m2/repository/org/springframework/boot/spring-boot-starter-test/2.7.2/spring-boot-starter-test-2.7.2.jar:/Users/rodrigolopezgatica/.m2/repository/org/springframework/boot/spring-boot-test/2.7.2/spring-boot-test-2.7.2.jar:/Users/rodrigolopezgatica/.m2/repository/org/springframework/boot/spring-boot-test-autoconfigure/2.7.2/spring-boot-test-autoconfigure-2.7.2.jar:/Users/rodrigolopezgatica/.m2/repository/com/jayway/jsonpath/json-path/2.7.0/json-path-2.7.0.jar:/Users/rodrigolopezgatica/.m2/repository/net/minidev/json-smart/2.4.8/json-smart-2.4.8.jar:/Users/rodrigolopezgatica/.m2/repository/net/minidev/accessors-smart/2.4.8/accessors-smart-2.4.8.jar:/Users/rodrigolopezgatica/.m2/repository/org/ow2/asm/asm/9.1/asm-9.1.jar:/Users/rodrigolopezgatica/.m2/repository/org/junit/jupiter/junit-jupiter/5.8.1/junit-jupiter-5.8.1.jar:/Users/rodrigolopezgatica/.m2/repository/org/mockito/mockito-junit-jupiter/4.5.1/mockito-junit-jupiter-4.5.1.jar:/Users/rodrigolopezgatica/.m2/repository/org/skyscreamer/jsonassert/1.5.1/jsonassert-1.5.1.jar:/Users/rodrigolopezgatica/.m2/repository/com/vaadin/external/google/android-json/0.0.20131108.vaadin1/android-json-0.0.20131108.vaadin1.jar:/Users/rodrigolopezgatica/.m2/repository/org/springframework/spring-core/5.3.22/spring-core-5.3.22.jar:/Users/rodrigolopezgatica/.m2/repository/org/springframework/spring-jcl/5.3.22/spring-jcl-5.3.22.jar:/Users/rodrigolopezgatica/.m2/repository/org/springframework/spring-test/5.3.22/spring-test-5.3.22.jar:/Users/rodrigolopezgatica/.m2/repository/org/xmlunit/xmlunit-core/2.9.0/xmlunit-core-2.9.0.jar:/Users/rodrigolopezgatica/.m2/repository/io/rest-assured/rest-assured/3.3.0/rest-assured-3.3.0.jar:/Users/rodrigolopezgatica/.m2/repository/org/codehaus/groovy/groovy/3.0.11/groovy-3.0.11.jar:/Users/rodrigolopezgatica/.m2/repository/org/codehaus/groovy/groovy-xml/3.0.11/groovy-xml-3.0.11.jar:/Users/rodrigolopezgatica/.m2/repository/org/apache/httpcomponents/httpclient/4.5.13/httpclient-4.5.13.jar:/Users/rodrigolopezgatica/.m2/repository/org/apache/httpcomponents/httpcore/4.4.15/httpcore-4.4.15.jar:/Users/rodrigolopezgatica/.m2/repository/org/apache/httpcomponents/httpmime/4.5.13/httpmime-4.5.13.jar:/Users/rodrigolopezgatica/.m2/repository/org/hamcrest/hamcrest-core/2.2/hamcrest-core-2.2.jar:/Users/rodrigolopezgatica/.m2/repository/org/hamcrest/hamcrest-library/2.2/hamcrest-library-2.2.jar:/Users/rodrigolopezgatica/.m2/repository/org/ccil/cowan/tagsoup/tagsoup/1.2.1/tagsoup-1.2.1.jar:/Users/rodrigolopezgatica/.m2/repository/io/rest-assured/json-path/4.5.1/json-path-4.5.1.jar:/Users/rodrigolopezgatica/.m2/repository/org/codehaus/groovy/groovy-json/3.0.11/groovy-json-3.0.11.jar:/Users/rodrigolopezgatica/.m2/repository/io/rest-assured/rest-assured-common/4.5.1/rest-assured-common-4.5.1.jar:/Users/rodrigolopezgatica/.m2/repository/io/rest-assured/xml-path/4.5.1/xml-path-4.5.1.jar:/Users/rodrigolopezgatica/.m2/repository/org/apache/commons/commons-lang3/3.12.0/commons-lang3-3.12.0.jar:/Users/rodrigolopezgatica/.m2/repository/org/slf4j/slf4j-api/1.7.32/slf4j-api-1.7.32.jar:/Users/rodrigolopezgatica/.m2/repository/ch/qos/logback/logback-classic/1.2.7/logback-classic-1.2.7.jar:/Users/rodrigolopezgatica/.m2/repository/ch/qos/logback/logback-core/1.2.7/logback-core-1.2.7.jar:/Users/rodrigolopezgatica/.m2/repository/org/slf4j/jcl-over-slf4j/1.7.32/jcl-over-slf4j-1.7.32.jar:/Users/rodrigolopezgatica/.m2/repository/org/junit/jupiter/junit-jupiter-engine/5.8.1/junit-jupiter-engine-5.8.1.jar:/Users/rodrigolopezgatica/.m2/repository/org/junit/platform/junit-platform-engine/1.8.1/junit-platform-engine-1.8.1.jar:/Users/rodrigolopezgatica/.m2/repository/org/apiguardian/apiguardian-api/1.1.2/apiguardian-api-1.1.2.jar:/Users/rodrigolopezgatica/.m2/repository/org/junit/jupiter/junit-jupiter-params/5.8.1/junit-jupiter-params-5.8.1.jar:/Users/rodrigolopezgatica/.m2/repository/org/junit/jupiter/junit-jupiter-api/5.8.1/junit-jupiter-api-5.8.1.jar:/Users/rodrigolopezgatica/.m2/repository/org/opentest4j/opentest4j/1.2.0/opentest4j-1.2.0.jar:/Users/rodrigolopezgatica/.m2/repository/org/junit/platform/junit-platform-commons/1.8.1/junit-platform-commons-1.8.1.jar:/Users/rodrigolopezgatica/.m2/repository/org/junit/vintage/junit-vintage-engine/5.8.1/junit-vintage-engine-5.8.1.jar:/Users/rodrigolopezgatica/.m2/repository/junit/junit/4.13.2/junit-4.13.2.jar:/Users/rodrigolopezgatica/.m2/repository/org/assertj/assertj-core/3.21.0/assertj-core-3.21.0.jar:/Users/rodrigolopezgatica/.m2/repository/org/hamcrest/hamcrest/2.2/hamcrest-2.2.jar:/Users/rodrigolopezgatica/.m2/repository/org/hamcrest/hamcrest-all/1.3/hamcrest-all-1.3.jar:/Users/rodrigolopezgatica/.m2/repository/org/mockito/mockito-core/4.4.0/mockito-core-4.4.0.jar:/Users/rodrigolopezgatica/.m2/repository/net/bytebuddy/byte-buddy/1.12.12/byte-buddy-1.12.12.jar:/Users/rodrigolopezgatica/.m2/repository/net/bytebuddy/byte-buddy-agent/1.12.12/byte-buddy-agent-1.12.12.jar:/Users/rodrigolopezgatica/.m2/repository/org/objenesis/objenesis/3.2/objenesis-3.2.jar:/Users/rodrigolopezgatica/.m2/repository/org/apache/maven/surefire/surefire-logger-api/2.22.2/surefire-logger-api-2.22.2.jar:"/>
    <property name="java.vm.vendor" value="Eclipse Adoptium"/>
    <property name="sun.arch.data.model" value="64"/>
    <property name="java.vendor.url" value="https://adoptium.net/"/>
    <property name="os.name" value="Mac OS X"/>
    <property name="java.vm.specification.version" value="19"/>
    <property name="sun.java.launcher" value="SUN_STANDARD"/>
    <property name="user.country" value="CL"/>
    <property name="sun.boot.library.path" value="/Library/Java/JavaVirtualMachines/temurin-19.jdk/Contents/Home/lib"/>
    <property name="sun.java.command" value="/Users/rodrigolopezgatica/Documents/Baeldung/feign/target/surefire/surefirebooter13256795347644672169.jar /Users/rodrigolopezgatica/Documents/Baeldung/feign/target/surefire 2022-11-15T11-28-06_951-jvmRun1 surefire4413111434031598054tmp surefire_03778210420796485190tmp"/>
    <property name="http.nonProxyHosts" value="local|*.local|169.254/16|*.169.254/16"/>
    <property name="jdk.debug" value="release"/>
    <property name="test" value="FeignLiveTest"/>
    <property name="surefire.test.class.path" value="/Users/rodrigolopezgatica/Documents/Baeldung/feign/target/test-classes:/Users/rodrigolopezgatica/Documents/Baeldung/feign/target/classes:/Users/rodrigolopezgatica/.m2/repository/com/sun/xml/bind/jaxb-impl/2.3.4/jaxb-impl-2.3.4.jar:/Users/rodrigolopezgatica/.m2/repository/jakarta/xml/bind/jakarta.xml.bind-api/2.3.3/jakarta.xml.bind-api-2.3.3.jar:/Users/rodrigolopezgatica/.m2/repository/com/sun/activation/jakarta.activation/1.2.2/jakarta.activation-1.2.2.jar:/Users/rodrigolopezgatica/.m2/repository/javax/activation/activation/1.1/activation-1.1.jar:/Users/rodrigolopezgatica/.m2/repository/io/github/openfeign/feign-okhttp/11.8/feign-okhttp-11.8.jar:/Users/rodrigolopezgatica/.m2/repository/io/github/openfeign/feign-core/11.8/feign-core-11.8.jar:/Users/rodrigolopezgatica/.m2/repository/com/squareup/okhttp3/okhttp/4.9.3/okhttp-4.9.3.jar:/Users/rodrigolopezgatica/.m2/repository/com/squareup/okio/okio/2.8.0/okio-2.8.0.jar:/Users/rodrigolopezgatica/.m2/repository/org/jetbrains/kotlin/kotlin-stdlib-common/1.6.21/kotlin-stdlib-common-1.6.21.jar:/Users/rodrigolopezgatica/.m2/repository/org/jetbrains/kotlin/kotlin-stdlib/1.6.21/kotlin-stdlib-1.6.21.jar:/Users/rodrigolopezgatica/.m2/repository/org/jetbrains/annotations/13.0/annotations-13.0.jar:/Users/rodrigolopezgatica/.m2/repository/io/github/openfeign/feign-gson/11.8/feign-gson-11.8.jar:/Users/rodrigolopezgatica/.m2/repository/com/google/code/gson/gson/2.9.0/gson-2.9.0.jar:/Users/rodrigolopezgatica/.m2/repository/io/github/openfeign/feign-slf4j/11.8/feign-slf4j-11.8.jar:/Users/rodrigolopezgatica/.m2/repository/org/projectlombok/lombok/1.18.24/lombok-1.18.24.jar:/Users/rodrigolopezgatica/.m2/repository/org/springframework/boot/spring-boot-starter-web/2.7.2/spring-boot-starter-web-2.7.2.jar:/Users/rodrigolopezgatica/.m2/repository/org/springframework/boot/spring-boot-starter/2.7.2/spring-boot-starter-2.7.2.jar:/Users/rodrigolopezgatica/.m2/repository/org/springframework/boot/spring-boot/2.7.2/spring-boot-2.7.2.jar:/Users/rodrigolopezgatica/.m2/repository/org/springframework/boot/spring-boot-autoconfigure/2.7.2/spring-boot-autoconfigure-2.7.2.jar:/Users/rodrigolopezgatica/.m2/repository/org/springframework/boot/spring-boot-starter-logging/2.7.2/spring-boot-starter-logging-2.7.2.jar:/Users/rodrigolopezgatica/.m2/repository/org/apache/logging/log4j/log4j-to-slf4j/2.17.2/log4j-to-slf4j-2.17.2.jar:/Users/rodrigolopezgatica/.m2/repository/org/apache/logging/log4j/log4j-api/2.17.2/log4j-api-2.17.2.jar:/Users/rodrigolopezgatica/.m2/repository/org/slf4j/jul-to-slf4j/1.7.36/jul-to-slf4j-1.7.36.jar:/Users/rodrigolopezgatica/.m2/repository/jakarta/annotation/jakarta.annotation-api/1.3.5/jakarta.annotation-api-1.3.5.jar:/Users/rodrigolopezgatica/.m2/repository/org/yaml/snakeyaml/1.30/snakeyaml-1.30.jar:/Users/rodrigolopezgatica/.m2/repository/org/springframework/boot/spring-boot-starter-json/2.7.2/spring-boot-starter-json-2.7.2.jar:/Users/rodrigolopezgatica/.m2/repository/com/fasterxml/jackson/core/jackson-databind/2.13.3/jackson-databind-2.13.3.jar:/Users/rodrigolopezgatica/.m2/repository/com/fasterxml/jackson/core/jackson-annotations/2.13.3/jackson-annotations-2.13.3.jar:/Users/rodrigolopezgatica/.m2/repository/com/fasterxml/jackson/core/jackson-core/2.13.3/jackson-core-2.13.3.jar:/Users/rodrigolopezgatica/.m2/repository/com/fasterxml/jackson/datatype/jackson-datatype-jdk8/2.13.3/jackson-datatype-jdk8-2.13.3.jar:/Users/rodrigolopezgatica/.m2/repository/com/fasterxml/jackson/datatype/jackson-datatype-jsr310/2.13.3/jackson-datatype-jsr310-2.13.3.jar:/Users/rodrigolopezgatica/.m2/repository/com/fasterxml/jackson/module/jackson-module-parameter-names/2.13.3/jackson-module-parameter-names-2.13.3.jar:/Users/rodrigolopezgatica/.m2/repository/org/springframework/boot/spring-boot-starter-tomcat/2.7.2/spring-boot-starter-tomcat-2.7.2.jar:/Users/rodrigolopezgatica/.m2/repository/org/apache/tomcat/embed/tomcat-embed-core/9.0.65/tomcat-embed-core-9.0.65.jar:/Users/rodrigolopezgatica/.m2/repository/org/apache/tomcat/embed/tomcat-embed-el/9.0.65/tomcat-embed-el-9.0.65.jar:/Users/rodrigolopezgatica/.m2/repository/org/apache/tomcat/embed/tomcat-embed-websocket/9.0.65/tomcat-embed-websocket-9.0.65.jar:/Users/rodrigolopezgatica/.m2/repository/org/springframework/spring-web/5.3.22/spring-web-5.3.22.jar:/Users/rodrigolopezgatica/.m2/repository/org/springframework/spring-beans/5.3.22/spring-beans-5.3.22.jar:/Users/rodrigolopezgatica/.m2/repository/org/springframework/spring-webmvc/5.3.22/spring-webmvc-5.3.22.jar:/Users/rodrigolopezgatica/.m2/repository/org/springframework/spring-aop/5.3.22/spring-aop-5.3.22.jar:/Users/rodrigolopezgatica/.m2/repository/org/springframework/spring-context/5.3.22/spring-context-5.3.22.jar:/Users/rodrigolopezgatica/.m2/repository/org/springframework/spring-expression/5.3.22/spring-expression-5.3.22.jar:/Users/rodrigolopezgatica/.m2/repository/org/springframework/boot/spring-boot-starter-web-services/2.7.2/spring-boot-starter-web-services-2.7.2.jar:/Users/rodrigolopezgatica/.m2/repository/com/sun/xml/messaging/saaj/saaj-impl/1.5.3/saaj-impl-1.5.3.jar:/Users/rodrigolopezgatica/.m2/repository/jakarta/xml/soap/jakarta.xml.soap-api/1.4.2/jakarta.xml.soap-api-1.4.2.jar:/Users/rodrigolopezgatica/.m2/repository/org/jvnet/staxex/stax-ex/1.8.3/stax-ex-1.8.3.jar:/Users/rodrigolopezgatica/.m2/repository/jakarta/xml/ws/jakarta.xml.ws-api/2.3.3/jakarta.xml.ws-api-2.3.3.jar:/Users/rodrigolopezgatica/.m2/repository/jakarta/jws/jakarta.jws-api/2.1.0/jakarta.jws-api-2.1.0.jar:/Users/rodrigolopezgatica/.m2/repository/org/springframework/spring-oxm/5.3.22/spring-oxm-5.3.22.jar:/Users/rodrigolopezgatica/.m2/repository/org/springframework/ws/spring-ws-core/3.1.3/spring-ws-core-3.1.3.jar:/Users/rodrigolopezgatica/.m2/repository/org/springframework/ws/spring-xml/3.1.3/spring-xml-3.1.3.jar:/Users/rodrigolopezgatica/.m2/repository/wsdl4j/wsdl4j/1.6.3/wsdl4j-1.6.3.jar:/Users/rodrigolopezgatica/.m2/repository/io/github/openfeign/feign-hc5/11.8/feign-hc5-11.8.jar:/Users/rodrigolopezgatica/.m2/repository/org/apache/httpcomponents/client5/httpclient5/5.1.3/httpclient5-5.1.3.jar:/Users/rodrigolopezgatica/.m2/repository/org/apache/httpcomponents/core5/httpcore5/5.1.4/httpcore5-5.1.4.jar:/Users/rodrigolopezgatica/.m2/repository/org/apache/httpcomponents/core5/httpcore5-h2/5.1.4/httpcore5-h2-5.1.4.jar:/Users/rodrigolopezgatica/.m2/repository/commons-codec/commons-codec/1.15/commons-codec-1.15.jar:/Users/rodrigolopezgatica/.m2/repository/io/github/openfeign/feign-soap/11.8/feign-soap-11.8.jar:/Users/rodrigolopezgatica/.m2/repository/io/github/openfeign/feign-jaxb/11.8/feign-jaxb-11.8.jar:/Users/rodrigolopezgatica/.m2/repository/javax/xml/bind/jaxb-api/2.3.1/jaxb-api-2.3.1.jar:/Users/rodrigolopezgatica/.m2/repository/javax/activation/javax.activation-api/1.2.0/javax.activation-api-1.2.0.jar:/Users/rodrigolopezgatica/.m2/repository/javax/xml/ws/jaxws-api/2.3.1/jaxws-api-2.3.1.jar:/Users/rodrigolopezgatica/.m2/repository/javax/xml/soap/javax.xml.soap-api/1.4.0/javax.xml.soap-api-1.4.0.jar:/Users/rodrigolopezgatica/.m2/repository/javax/annotation/javax.annotation-api/1.3.2/javax.annotation-api-1.3.2.jar:/Users/rodrigolopezgatica/.m2/repository/org/springframework/boot/spring-boot-starter-test/2.7.2/spring-boot-starter-test-2.7.2.jar:/Users/rodrigolopezgatica/.m2/repository/org/springframework/boot/spring-boot-test/2.7.2/spring-boot-test-2.7.2.jar:/Users/rodrigolopezgatica/.m2/repository/org/springframework/boot/spring-boot-test-autoconfigure/2.7.2/spring-boot-test-autoconfigure-2.7.2.jar:/Users/rodrigolopezgatica/.m2/repository/com/jayway/jsonpath/json-path/2.7.0/json-path-2.7.0.jar:/Users/rodrigolopezgatica/.m2/repository/net/minidev/json-smart/2.4.8/json-smart-2.4.8.jar:/Users/rodrigolopezgatica/.m2/repository/net/minidev/accessors-smart/2.4.8/accessors-smart-2.4.8.jar:/Users/rodrigolopezgatica/.m2/repository/org/ow2/asm/asm/9.1/asm-9.1.jar:/Users/rodrigolopezgatica/.m2/repository/org/junit/jupiter/junit-jupiter/5.8.1/junit-jupiter-5.8.1.jar:/Users/rodrigolopezgatica/.m2/repository/org/mockito/mockito-junit-jupiter/4.5.1/mockito-junit-jupiter-4.5.1.jar:/Users/rodrigolopezgatica/.m2/repository/org/skyscreamer/jsonassert/1.5.1/jsonassert-1.5.1.jar:/Users/rodrigolopezgatica/.m2/repository/com/vaadin/external/google/android-json/0.0.20131108.vaadin1/android-json-0.0.20131108.vaadin1.jar:/Users/rodrigolopezgatica/.m2/repository/org/springframework/spring-core/5.3.22/spring-core-5.3.22.jar:/Users/rodrigolopezgatica/.m2/repository/org/springframework/spring-jcl/5.3.22/spring-jcl-5.3.22.jar:/Users/rodrigolopezgatica/.m2/repository/org/springframework/spring-test/5.3.22/spring-test-5.3.22.jar:/Users/rodrigolopezgatica/.m2/repository/org/xmlunit/xmlunit-core/2.9.0/xmlunit-core-2.9.0.jar:/Users/rodrigolopezgatica/.m2/repository/io/rest-assured/rest-assured/3.3.0/rest-assured-3.3.0.jar:/Users/rodrigolopezgatica/.m2/repository/org/codehaus/groovy/groovy/3.0.11/groovy-3.0.11.jar:/Users/rodrigolopezgatica/.m2/repository/org/codehaus/groovy/groovy-xml/3.0.11/groovy-xml-3.0.11.jar:/Users/rodrigolopezgatica/.m2/repository/org/apache/httpcomponents/httpclient/4.5.13/httpclient-4.5.13.jar:/Users/rodrigolopezgatica/.m2/repository/org/apache/httpcomponents/httpcore/4.4.15/httpcore-4.4.15.jar:/Users/rodrigolopezgatica/.m2/repository/org/apache/httpcomponents/httpmime/4.5.13/httpmime-4.5.13.jar:/Users/rodrigolopezgatica/.m2/repository/org/hamcrest/hamcrest-core/2.2/hamcrest-core-2.2.jar:/Users/rodrigolopezgatica/.m2/repository/org/hamcrest/hamcrest-library/2.2/hamcrest-library-2.2.jar:/Users/rodrigolopezgatica/.m2/repository/org/ccil/cowan/tagsoup/tagsoup/1.2.1/tagsoup-1.2.1.jar:/Users/rodrigolopezgatica/.m2/repository/io/rest-assured/json-path/4.5.1/json-path-4.5.1.jar:/Users/rodrigolopezgatica/.m2/repository/org/codehaus/groovy/groovy-json/3.0.11/groovy-json-3.0.11.jar:/Users/rodrigolopezgatica/.m2/repository/io/rest-assured/rest-assured-common/4.5.1/rest-assured-common-4.5.1.jar:/Users/rodrigolopezgatica/.m2/repository/io/rest-assured/xml-path/4.5.1/xml-path-4.5.1.jar:/Users/rodrigolopezgatica/.m2/repository/org/apache/commons/commons-lang3/3.12.0/commons-lang3-3.12.0.jar:/Users/rodrigolopezgatica/.m2/repository/org/slf4j/slf4j-api/1.7.32/slf4j-api-1.7.32.jar:/Users/rodrigolopezgatica/.m2/repository/ch/qos/logback/logback-classic/1.2.7/logback-classic-1.2.7.jar:/Users/rodrigolopezgatica/.m2/repository/ch/qos/logback/logback-core/1.2.7/logback-core-1.2.7.jar:/Users/rodrigolopezgatica/.m2/repository/org/slf4j/jcl-over-slf4j/1.7.32/jcl-over-slf4j-1.7.32.jar:/Users/rodrigolopezgatica/.m2/repository/org/junit/jupiter/junit-jupiter-engine/5.8.1/junit-jupiter-engine-5.8.1.jar:/Users/rodrigolopezgatica/.m2/repository/org/junit/platform/junit-platform-engine/1.8.1/junit-platform-engine-1.8.1.jar:/Users/rodrigolopezgatica/.m2/repository/org/apiguardian/apiguardian-api/1.1.2/apiguardian-api-1.1.2.jar:/Users/rodrigolopezgatica/.m2/repository/org/junit/jupiter/junit-jupiter-params/5.8.1/junit-jupiter-params-5.8.1.jar:/Users/rodrigolopezgatica/.m2/repository/org/junit/jupiter/junit-jupiter-api/5.8.1/junit-jupiter-api-5.8.1.jar:/Users/rodrigolopezgatica/.m2/repository/org/opentest4j/opentest4j/1.2.0/opentest4j-1.2.0.jar:/Users/rodrigolopezgatica/.m2/repository/org/junit/platform/junit-platform-commons/1.8.1/junit-platform-commons-1.8.1.jar:/Users/rodrigolopezgatica/.m2/repository/org/junit/vintage/junit-vintage-engine/5.8.1/junit-vintage-engine-5.8.1.jar:/Users/rodrigolopezgatica/.m2/repository/junit/junit/4.13.2/junit-4.13.2.jar:/Users/rodrigolopezgatica/.m2/repository/org/assertj/assertj-core/3.21.0/assertj-core-3.21.0.jar:/Users/rodrigolopezgatica/.m2/repository/org/hamcrest/hamcrest/2.2/hamcrest-2.2.jar:/Users/rodrigolopezgatica/.m2/repository/org/hamcrest/hamcrest-all/1.3/hamcrest-all-1.3.jar:/Users/rodrigolopezgatica/.m2/repository/org/mockito/mockito-core/4.4.0/mockito-core-4.4.0.jar:/Users/rodrigolopezgatica/.m2/repository/net/bytebuddy/byte-buddy/1.12.12/byte-buddy-1.12.12.jar:/Users/rodrigolopezgatica/.m2/repository/net/bytebuddy/byte-buddy-agent/1.12.12/byte-buddy-agent-1.12.12.jar:/Users/rodrigolopezgatica/.m2/repository/org/objenesis/objenesis/3.2/objenesis-3.2.jar:/Users/rodrigolopezgatica/.m2/repository/org/apache/maven/surefire/surefire-logger-api/2.22.2/surefire-logger-api-2.22.2.jar:"/>
    <property name="sun.cpu.endian" value="little"/>
    <property name="user.home" value="/Users/rodrigolopezgatica"/>
    <property name="user.language" value="es"/>
    <property name="java.specification.vendor" value="Oracle Corporation"/>
    <property name="java.version.date" value="2022-09-20"/>
    <property name="java.home" value="/Library/Java/JavaVirtualMachines/temurin-19.jdk/Contents/Home"/>
    <property name="file.separator" value="/"/>
    <property name="basedir" value="/Users/rodrigolopezgatica/Documents/Baeldung/feign"/>
    <property name="java.vm.compressedOopsMode" value="Zero based"/>
    <property name="line.separator" value="&#10;"/>
    <property name="java.vm.specification.vendor" value="Oracle Corporation"/>
    <property name="java.specification.name" value="Java Platform API Specification"/>
    <property name="apple.awt.application.name" value="ForkedBooter"/>
    <property name="surefire.real.class.path" value="/Users/rodrigolopezgatica/Documents/Baeldung/feign/target/surefire/surefirebooter13256795347644672169.jar"/>
    <property name="sun.management.compiler" value="HotSpot 64-Bit Tiered Compilers"/>
    <property name="ftp.nonProxyHosts" value="local|*.local|169.254/16|*.169.254/16"/>
    <property name="java.runtime.version" value="19+36"/>
    <property name="user.name" value="rodrigolopezgatica"/>
    <property name="stdout.encoding" value="US-ASCII"/>
    <property name="path.separator" value=":"/>
    <property name="os.version" value="13.0"/>
    <property name="java.runtime.name" value="OpenJDK Runtime Environment"/>
    <property name="file.encoding" value="UTF-8"/>
    <property name="java.vm.name" value="OpenJDK 64-Bit Server VM"/>
    <property name="java.vendor.version" value="Temurin-19+36"/>
    <property name="localRepository" value="/Users/rodrigolopezgatica/.m2/repository"/>
    <property name="java.vendor.url.bug" value="https://github.com/adoptium/adoptium-support/issues"/>
    <property name="java.io.tmpdir" value="/var/folders/px/cxp6r3v56kd8qxhj4m5_n26m0000gn/T/"/>
    <property name="java.version" value="19"/>
    <property name="user.dir" value="/Users/rodrigolopezgatica/Documents/Baeldung/feign"/>
    <property name="os.arch" value="x86_64"/>
    <property name="java.vm.specification.name" value="Java Virtual Machine Specification"/>
    <property name="native.encoding" value="US-ASCII"/>
    <property name="java.library.path" value="/Users/rodrigolopezgatica/Library/Java/Extensions:/Library/Java/Extensions:/Network/Library/Java/Extensions:/System/Library/Java/Extensions:/usr/lib/java:."/>
    <property name="java.vm.info" value="mixed mode, sharing"/>
    <property name="stderr.encoding" value="US-ASCII"/>
    <property name="java.vendor" value="Eclipse Adoptium"/>
    <property name="java.vm.version" value="19+36"/>
    <property name="sun.io.unicode.encoding" value="UnicodeBig"/>
    <property name="socksNonProxyHosts" value="local|*.local|169.254/16|*.169.254/16"/>
    <property name="java.class.version" value="63.0"/>
  </properties>
  <testcase name="insisFindPerson" classname="com.baeldung.feign.soap.FeignLiveTest" time="2.051"/>
  <testcase name="name" classname="com.baeldung.feign.soap.FeignLiveTest" time="0"/>
</testsuite>